[INFO] CLAIR3 VERSION: v1.0.10
[INFO] BAM FILE PATH: /home/zainab/hg002-variant-calling/data/HG002.bam
[INFO] REFERENCE FILE PATH: /home/zainab/ref_genome.fasta
[INFO] MODEL PATH: /home/zainab/miniconda3/envs/clair3_env/bin/models/ilmn
[INFO] OUTPUT FOLDER: /home/zainab/hg002-variant-calling/results/clair3_output
[INFO] PLATFORM: ilmn
[INFO] THREADS: 8
[INFO] BED FILE PATH: EMPTY
[INFO] VCF FILE PATH: EMPTY
[INFO] CONTIGS: Escherichia_coli_chromosome
[INFO] CONDA PREFIX: /home/zainab/miniconda3/envs/clair3_env
[INFO] SAMTOOLS PATH: samtools
[INFO] PYTHON PATH: python3
[INFO] PYPY PATH: pypy3
[INFO] PARALLEL PATH: parallel
[INFO] WHATSHAP PATH: whatshap
[INFO] LONGPHASE PATH: EMPTY
[INFO] CHUNK SIZE: 5000000
[INFO] FULL ALIGN PROPORTION: 0.3
[INFO] FULL ALIGN REFERENCE PROPORTION: 0.3
[INFO] PHASING PROPORTION: 0.7
[INFO] MINIMUM MQ: 5
[INFO] MINIMUM COVERAGE: 2
[INFO] SNP AF THRESHOLD: 0.08
[INFO] INDEL AF THRESHOLD: 0.08
[INFO] BASE ERROR IN GVCF: 0.001
[INFO] GQ BIN SIZE IN GVCF: 5
[INFO] ENABLE FILEUP ONLY CALLING: False
[INFO] ENABLE FAST MODE CALLING: False
[INFO] ENABLE CALLING SNP CANDIDATES ONLY: False
[INFO] ENABLE PRINTING REFERENCE CALLS: False
[INFO] ENABLE OUTPUT GVCF: False
[INFO] ENABLE HAPLOID PRECISE MODE: False
[INFO] ENABLE HAPLOID SENSITIVE MODE: False
[INFO] ENABLE INCLUDE ALL CTGS CALLING: False
[INFO] ENABLE NO PHASING FOR FULL ALIGNMENT: True
[INFO] ENABLE REMOVING INTERMEDIATE FILES: False
[INFO] ENABLE LONGPHASE FOR INTERMEDIATE VCF PHASING: False
[INFO] ENABLE PHASING FINAL VCF OUTPUT USING WHATSHAP: False
[INFO] ENABLE PHASING FINAL VCF OUTPUT USING LONGPHASE: False
[INFO] ENABLE HAPLOTAGGING FINAL BAM: False
[INFO] ENABLE LONG INDEL CALLING: False
[INFO] ENABLE C_IMPLEMENT: True

[33m[WARNING] Illumina platform will disable C implement to support short read realignment process! [0m
+ /home/zainab/miniconda3/envs/clair3_env/bin/scripts/clair3.sh --bam_fn /home/zainab/hg002-variant-calling/data/HG002.bam --ref_fn /home/zainab/ref_genome.fasta --threads 8 --model_path /home/zainab/miniconda3/envs/clair3_env/bin/models/ilmn --platform ilmn --output /home/zainab/hg002-variant-calling/results/clair3_output --bed_fn=EMPTY --vcf_fn=EMPTY --ctg_name=Escherichia_coli_chromosome --sample_name=SAMPLE --chunk_num=0 --chunk_size=5000000 --samtools=samtools --python=python3 --pypy=pypy3 --parallel=parallel --whatshap=whatshap --qual=2 --var_pct_full=0.3 --ref_pct_full=0.3 --var_pct_phasing=0.7 --snp_min_af=0.08 --indel_min_af=0.08 --min_mq=5 --min_coverage=2 --min_contig_size=0 --pileup_only=False --gvcf=False --base_err=0.001 --gq_bin_size=5 --fast_mode=False --call_snp_only=False --print_ref_calls=False --haploid_precise=False --haploid_sensitive=False --include_all_ctgs=False --no_phasing_for_fa=True --pileup_model_prefix=pileup --fa_model_prefix=full_alignment --remove_intermediate_dir=False --enable_phasing=False --enable_long_indel=False --keep_iupac_bases=False --use_gpu=False --longphase_for_phasing=False --longphase=EMPTY --use_whatshap_for_intermediate_phasing=True --use_longphase_for_intermediate_phasing=False --use_whatshap_for_final_output_phasing=False --use_longphase_for_final_output_phasing=False --use_whatshap_for_final_output_haplotagging=False

[INFO] Check environment variables
[INFO] Create folder /home/zainab/hg002-variant-calling/results/clair3_output/log
[INFO] Create folder /home/zainab/hg002-variant-calling/results/clair3_output/tmp/pileup_output
[INFO] Create folder /home/zainab/hg002-variant-calling/results/clair3_output/tmp/merge_output
[INFO] Create folder /home/zainab/hg002-variant-calling/results/clair3_output/tmp/phase_output
[INFO] Create folder /home/zainab/hg002-variant-calling/results/clair3_output/tmp/gvcf_tmp_output
[INFO] Create folder /home/zainab/hg002-variant-calling/results/clair3_output/tmp/full_alignment_output
[INFO] Create folder /home/zainab/hg002-variant-calling/results/clair3_output/tmp/phase_output/phase_vcf
[INFO] Create folder /home/zainab/hg002-variant-calling/results/clair3_output/tmp/phase_output/phase_bam
[INFO] Create folder /home/zainab/hg002-variant-calling/results/clair3_output/tmp/full_alignment_output/candidate_bed
[INFO] Call variant in contigs: Escherichia_coli_chromosome
[INFO] Chunk number for each contig: 1
[INFO] 1/7 Call variants using pileup model
[INFO] Delay 4 seconds before starting variant calling ...
[faidx] Truncated sequence: Escherichia_coli_chromosome:1-4766434
[mpileup] 1 samples in 1 input files
Calling variants ...
Total processed positions in Escherichia_coli_chromosome (chunk 1/1) : 0
Total time elapsed: 0.00 s
[INFO] No vcf output for file /home/zainab/hg002-variant-calling/results/clair3_output/tmp/pileup_output/pileup_Escherichia_coli_chromosome_1.vcf, remove empty file

real	0m8.016s
user	0m2.844s
sys	0m0.741s
[93m[WARNING] No vcf file found with prefix:/home/zainab/hg002-variant-calling/results/clair3_output/tmp/pileup_output/pileup, output empty vcf file[0m
[93m[WARNING] Copying pileup.vcf.gz to /home/zainab/hg002-variant-calling/results/clair3_output/merge_output.vcf.gz[0m
[INFO] Exit in pileup variant calling

real	0m9.235s
user	0m3.392s
sys	0m0.955s
